<?xml version="1.0" encoding="UTF-8"?>
<testsuite xmlns:xsi="http://www.w3.org/2001/XMLSchema-instance" xsi:noNamespaceSchemaLocation="https://maven.apache.org/surefire/maven-surefire-plugin/xsd/surefire-test-report-3.0.xsd" version="3.0" name="dev.selenium.augmenter.CdpRemoteWebDriverTest" time="109.844" tests="6" errors="0" skipped="0" failures="0">
  <properties>
[...]
</properties>
  <testcase name="testConsoleLogListener" classname="dev.selenium.augmenter.CdpRemoteWebDriverTest" time="20.136">
    <system-out><![CDATA[2022-08-24 23:57:35 [main] DEBUG i.g.b.wdm.cache.ResolutionCache.checkKeyInResolutionCache(186) - Resolution chrome=104 in cache (valid until 00:56:29 25/08/2022 ART)
2022-08-24 23:57:35 [main] DEBUG i.g.b.wdm.cache.ResolutionCache.checkKeyInResolutionCache(186) - Resolution chrome104=104.0.5112.79 in cache (valid until 23:56:29 25/08/2022 ART)
2022-08-24 23:57:35 [main] INFO  i.g.bonigarcia.wdm.WebDriverManager.resolveDriverVersion(1231) - Using chromedriver 104.0.5112.79 (resolved driver for Chrome 104)
2022-08-24 23:57:35 [main] DEBUG i.g.bonigarcia.wdm.WebDriverManager.manage(1186) - Driver chromedriver 104.0.5112.79 found in cache
2022-08-24 23:57:35 [main] INFO  i.g.bonigarcia.wdm.WebDriverManager.exportDriver(1284) - Exporting webdriver.chrome.driver as /Users/fcontigliani/.cache/selenium/chromedriver/mac64/104.0.5112.79/chromedriver
2022-08-24 23:57:35 [main] DEBUG i.g.b.wdm.cache.ResolutionCache.checkKeyInResolutionCache(186) - Resolution chrome=104 in cache (valid until 00:56:29 25/08/2022 ART)
2022-08-24 23:57:35 [main] DEBUG i.g.b.wdm.cache.ResolutionCache.checkKeyInResolutionCache(186) - Resolution chrome104=104.0.5112.79 in cache (valid until 23:56:29 25/08/2022 ART)
2022-08-24 23:57:35 [main] INFO  i.g.bonigarcia.wdm.WebDriverManager.resolveDriverVersion(1231) - Using chromedriver 104.0.5112.79 (resolved driver for Chrome 104)
2022-08-24 23:57:35 [main] DEBUG i.g.bonigarcia.wdm.WebDriverManager.manage(1186) - Driver chromedriver 104.0.5112.79 found in cache
2022-08-24 23:57:35 [main] INFO  i.g.bonigarcia.wdm.WebDriverManager.exportDriver(1284) - Exporting webdriver.chrome.driver as /Users/fcontigliani/.cache/selenium/chromedriver/mac64/104.0.5112.79/chromedriver
23:57:35.794 INFO [LoggingOptions.configureLogEncoding] - Using the system default encoding
23:57:35.795 INFO [OpenTelemetryTracer.createTracer] - Using OpenTelemetry for tracing
23:57:36.489 INFO [NodeOptions.getSessionFactories] - Detected 8 available processors
23:57:36.507 INFO [NodeOptions.discoverDrivers] - Discovered 2 driver(s)
23:57:36.517 INFO [NodeOptions.report] - Adding Chrome for {"browserName": "chrome"} 8 times
23:57:36.517 INFO [NodeOptions.report] - Adding Safari for {"browserName": "safari"} 1 times
23:57:36.526 INFO [Node.<init>] - Binding additional locator mechanisms: relative, name, id
23:57:36.547 INFO [GridModel.setAvailability] - Switching Node bf9d472f-6478-456c-b820-29359f3d6353 (uri: http://192.168.54.199:60239) from DOWN to UP
23:57:36.548 INFO [LocalDistributor.add] - Added node bf9d472f-6478-456c-b820-29359f3d6353 at http://192.168.54.199:60239. Health check every 120s
23:57:36.579 INFO [Standalone.execute] - Started Selenium Standalone 4.4.0 (revision e5c75ed026a): http://192.168.54.199:60239
23:57:51.044 INFO [LocalDistributor.newSession] - Session request received by the Distributor: 
 [Capabilities {browserName: chrome, goog:chromeOptions: {args: [], extensions: []}}]
23:57:52.483 INFO [ProtocolHandshake.createSession] - Detected upstream dialect: W3C
23:57:52.498 INFO [LocalNode.newSession] - Session created by the Node. Id: 2f686853d41305601bf202b69f4102bd, Caps: Capabilities {acceptInsecureCerts: false, browserName: chrome, browserVersion: 104.0.5112.101, chrome: {chromedriverVersion: 104.0.5112.79 (3cf3e8c8a07d..., userDataDir: /var/folders/lk/l1pjxj6n2wv...}, goog:chromeOptions: {debuggerAddress: localhost:56192}, networkConnectionEnabled: false, pageLoadStrategy: normal, platformName: MAC, proxy: Proxy(), se:cdp: http://localhost:56192, se:cdpVersion: 104.0.5112.101, setWindowRect: true, strictFileInteractability: false, timeouts: {implicit: 0, pageLoad: 300000, script: 30000}, unhandledPromptBehavior: dismiss and notify, webauthn:extension:credBlob: true, webauthn:extension:largeBlob: true, webauthn:virtualAuthenticators: true}
23:57:52.511 INFO [LocalDistributor.newSession] - Session created by the Distributor. Id: 2f686853d41305601bf202b69f4102bd 
 Caps: Capabilities {acceptInsecureCerts: false, browserName: chrome, browserVersion: 104.0.5112.101, chrome: {chromedriverVersion: 104.0.5112.79 (3cf3e8c8a07d..., userDataDir: /var/folders/lk/l1pjxj6n2wv...}, goog:chromeOptions: {debuggerAddress: localhost:56192}, networkConnectionEnabled: false, pageLoadStrategy: normal, platformName: MAC, proxy: Proxy(), se:cdp: ws://192.168.54.199:60239/s..., se:cdpVersion: 104.0.5112.101, setWindowRect: true, strictFileInteractability: false, timeouts: {implicit: 0, pageLoad: 300000, script: 30000}, unhandledPromptBehavior: dismiss and notify, webauthn:extension:credBlob: true, webauthn:extension:largeBlob: true, webauthn:virtualAuthenticators: true}
23:57:52.520 INFO [ProtocolHandshake.createSession] - Detected upstream dialect: W3C
23:57:52.814 INFO [CdpVersionFinder.findNearestMatch] - Found exact CDP implementation for version 104
23:57:52.826 INFO [ProxyNodeWebsockets.createWsEndPoint] - Establishing connection to ws://localhost:56192/devtools/browser/d8a124b4-d4a3-4971-92f1-285a7eeb7357
log: Failed to load resource: net::ERR_NAME_NOT_RESOLVED
level: error
log: Failed to load resource: the server responded with a status of 404 (Not Found)
level: error
log: Failed to load resource: the server responded with a status of 404 (Not Found)
level: error
log: Failed to load resource: the server responded with a status of 404 (Not Found)
level: error
23:57:55.809 INFO [LocalSessionMap.lambda$new$0] - Deleted session from local Session Map, Id: 2f686853d41305601bf202b69f4102bd
23:57:55.810 INFO [GridModel.release] - Releasing slot for session id 2f686853d41305601bf202b69f4102bd
23:57:55.812 INFO [SessionSlot.stop] - Stopping session 2f686853d41305601bf202b69f4102bd
]]></system-out>
    <system-err><![CDATA[Starting ChromeDriver 104.0.5112.79 (3cf3e8c8a07d104b9e1260c910efb8f383285dc5-refs/branch-heads/5112@{#1307}) on port 49985
Only local connections are allowed.
Please see https://chromedriver.chromium.org/security-considerations for suggestions on keeping ChromeDriver safe.
ChromeDriver was started successfully.
]]></system-err>
  </testcase>
  <testcase name="testBasicAuth" classname="dev.selenium.augmenter.CdpRemoteWebDriverTest" time="19.184">
    <system-out><![CDATA[2022-08-24 23:57:55 [main] DEBUG i.g.b.wdm.cache.ResolutionCache.checkKeyInResolutionCache(186) - Resolution chrome=104 in cache (valid until 00:56:29 25/08/2022 ART)
2022-08-24 23:57:55 [main] DEBUG i.g.b.wdm.cache.ResolutionCache.checkKeyInResolutionCache(186) - Resolution chrome104=104.0.5112.79 in cache (valid until 23:56:29 25/08/2022 ART)
2022-08-24 23:57:55 [main] INFO  i.g.bonigarcia.wdm.WebDriverManager.resolveDriverVersion(1231) - Using chromedriver 104.0.5112.79 (resolved driver for Chrome 104)
2022-08-24 23:57:55 [main] DEBUG i.g.bonigarcia.wdm.WebDriverManager.manage(1186) - Driver chromedriver 104.0.5112.79 found in cache
2022-08-24 23:57:55 [main] INFO  i.g.bonigarcia.wdm.WebDriverManager.exportDriver(1284) - Exporting webdriver.chrome.driver as /Users/fcontigliani/.cache/selenium/chromedriver/mac64/104.0.5112.79/chromedriver
23:57:55.839 INFO [LoggingOptions.configureLogEncoding] - Using the system default encoding
23:57:55.866 INFO [NodeOptions.getSessionFactories] - Detected 8 available processors
23:57:55.870 INFO [NodeOptions.discoverDrivers] - Discovered 2 driver(s)
23:57:55.875 INFO [NodeOptions.report] - Adding Safari for {"browserName": "safari"} 1 times
23:57:55.876 INFO [NodeOptions.report] - Adding Chrome for {"browserName": "chrome"} 8 times
23:57:55.881 INFO [Node.<init>] - Binding additional locator mechanisms: name, relative, id
23:57:55.883 INFO [GridModel.setAvailability] - Switching Node da0c336e-3df1-43e8-aa08-4c0e5586991c (uri: http://192.168.54.199:58255) from DOWN to UP
23:57:55.883 INFO [LocalDistributor.add] - Added node da0c336e-3df1-43e8-aa08-4c0e5586991c at http://192.168.54.199:58255. Health check every 120s
23:57:55.898 INFO [Standalone.execute] - Started Selenium Standalone 4.4.0 (revision e5c75ed026a): http://192.168.54.199:58255
23:58:10.848 INFO [LocalDistributor.newSession] - Session request received by the Distributor: 
 [Capabilities {browserName: chrome, goog:chromeOptions: {args: [], extensions: []}}]
23:58:12.185 INFO [ProtocolHandshake.createSession] - Detected upstream dialect: W3C
23:58:12.187 INFO [LocalNode.newSession] - Session created by the Node. Id: 155f9ef6bae53959b49d712cee53617e, Caps: Capabilities {acceptInsecureCerts: false, browserName: chrome, browserVersion: 104.0.5112.101, chrome: {chromedriverVersion: 104.0.5112.79 (3cf3e8c8a07d..., userDataDir: /var/folders/lk/l1pjxj6n2wv...}, goog:chromeOptions: {debuggerAddress: localhost:56250}, networkConnectionEnabled: false, pageLoadStrategy: normal, platformName: MAC, proxy: Proxy(), se:cdp: http://localhost:56250, se:cdpVersion: 104.0.5112.101, setWindowRect: true, strictFileInteractability: false, timeouts: {implicit: 0, pageLoad: 300000, script: 30000}, unhandledPromptBehavior: dismiss and notify, webauthn:extension:credBlob: true, webauthn:extension:largeBlob: true, webauthn:virtualAuthenticators: true}
23:58:12.189 INFO [LocalDistributor.newSession] - Session created by the Distributor. Id: 155f9ef6bae53959b49d712cee53617e 
 Caps: Capabilities {acceptInsecureCerts: false, browserName: chrome, browserVersion: 104.0.5112.101, chrome: {chromedriverVersion: 104.0.5112.79 (3cf3e8c8a07d..., userDataDir: /var/folders/lk/l1pjxj6n2wv...}, goog:chromeOptions: {debuggerAddress: localhost:56250}, networkConnectionEnabled: false, pageLoadStrategy: normal, platformName: MAC, proxy: Proxy(), se:cdp: ws://192.168.54.199:58255/s..., se:cdpVersion: 104.0.5112.101, setWindowRect: true, strictFileInteractability: false, timeouts: {implicit: 0, pageLoad: 300000, script: 30000}, unhandledPromptBehavior: dismiss and notify, webauthn:extension:credBlob: true, webauthn:extension:largeBlob: true, webauthn:virtualAuthenticators: true}
23:58:12.196 INFO [ProtocolHandshake.createSession] - Detected upstream dialect: W3C
23:58:12.201 INFO [CdpVersionFinder.findNearestMatch] - Found exact CDP implementation for version 104
23:58:12.215 INFO [ProxyNodeWebsockets.createWsEndPoint] - Establishing connection to ws://localhost:56250/devtools/browser/15409cef-e734-4d02-95eb-097367cce560
23:58:14.996 INFO [LocalSessionMap.lambda$new$0] - Deleted session from local Session Map, Id: 155f9ef6bae53959b49d712cee53617e
23:58:14.998 INFO [GridModel.release] - Releasing slot for session id 155f9ef6bae53959b49d712cee53617e
23:58:15.000 INFO [SessionSlot.stop] - Stopping session 155f9ef6bae53959b49d712cee53617e
]]></system-out>
    <system-err><![CDATA[Starting ChromeDriver 104.0.5112.79 (3cf3e8c8a07d104b9e1260c910efb8f383285dc5-refs/branch-heads/5112@{#1307}) on port 58526
Only local connections are allowed.
Please see https://chromedriver.chromium.org/security-considerations for suggestions on keeping ChromeDriver safe.
ChromeDriver was started successfully.
]]></system-err>
  </testcase>
  <testcase name="testNetworkInterceptor" classname="dev.selenium.augmenter.CdpRemoteWebDriverTest" time="16.792">
    <system-out><![CDATA[2022-08-24 23:58:15 [main] DEBUG i.g.b.wdm.cache.ResolutionCache.checkKeyInResolutionCache(186) - Resolution chrome=104 in cache (valid until 00:56:29 25/08/2022 ART)
2022-08-24 23:58:15 [main] DEBUG i.g.b.wdm.cache.ResolutionCache.checkKeyInResolutionCache(186) - Resolution chrome104=104.0.5112.79 in cache (valid until 23:56:29 25/08/2022 ART)
2022-08-24 23:58:15 [main] INFO  i.g.bonigarcia.wdm.WebDriverManager.resolveDriverVersion(1231) - Using chromedriver 104.0.5112.79 (resolved driver for Chrome 104)
2022-08-24 23:58:15 [main] DEBUG i.g.bonigarcia.wdm.WebDriverManager.manage(1186) - Driver chromedriver 104.0.5112.79 found in cache
2022-08-24 23:58:15 [main] INFO  i.g.bonigarcia.wdm.WebDriverManager.exportDriver(1284) - Exporting webdriver.chrome.driver as /Users/fcontigliani/.cache/selenium/chromedriver/mac64/104.0.5112.79/chromedriver
23:58:15.024 INFO [LoggingOptions.configureLogEncoding] - Using the system default encoding
23:58:15.071 INFO [NodeOptions.getSessionFactories] - Detected 8 available processors
23:58:15.078 INFO [NodeOptions.discoverDrivers] - Discovered 2 driver(s)
23:58:15.080 INFO [NodeOptions.report] - Adding Chrome for {"browserName": "chrome"} 8 times
23:58:15.081 INFO [NodeOptions.report] - Adding Safari for {"browserName": "safari"} 1 times
23:58:15.084 INFO [Node.<init>] - Binding additional locator mechanisms: relative, name, id
23:58:15.086 INFO [GridModel.setAvailability] - Switching Node 934e8283-bb2c-48cd-967d-0ae949968f55 (uri: http://192.168.54.199:64724) from DOWN to UP
23:58:15.086 INFO [LocalDistributor.add] - Added node 934e8283-bb2c-48cd-967d-0ae949968f55 at http://192.168.54.199:64724. Health check every 120s
23:58:15.089 INFO [Standalone.execute] - Started Selenium Standalone 4.4.0 (revision e5c75ed026a): http://192.168.54.199:64724
23:58:30.032 INFO [LocalDistributor.newSession] - Session request received by the Distributor: 
 [Capabilities {browserName: chrome, goog:chromeOptions: {args: [], extensions: []}}]
23:58:31.289 INFO [ProtocolHandshake.createSession] - Detected upstream dialect: W3C
23:58:31.291 INFO [LocalNode.newSession] - Session created by the Node. Id: 05ce139ef244da057ea8191567d3c98b, Caps: Capabilities {acceptInsecureCerts: false, browserName: chrome, browserVersion: 104.0.5112.101, chrome: {chromedriverVersion: 104.0.5112.79 (3cf3e8c8a07d..., userDataDir: /var/folders/lk/l1pjxj6n2wv...}, goog:chromeOptions: {debuggerAddress: localhost:56307}, networkConnectionEnabled: false, pageLoadStrategy: normal, platformName: MAC, proxy: Proxy(), se:cdp: http://localhost:56307, se:cdpVersion: 104.0.5112.101, setWindowRect: true, strictFileInteractability: false, timeouts: {implicit: 0, pageLoad: 300000, script: 30000}, unhandledPromptBehavior: dismiss and notify, webauthn:extension:credBlob: true, webauthn:extension:largeBlob: true, webauthn:virtualAuthenticators: true}
23:58:31.293 INFO [LocalDistributor.newSession] - Session created by the Distributor. Id: 05ce139ef244da057ea8191567d3c98b 
 Caps: Capabilities {acceptInsecureCerts: false, browserName: chrome, browserVersion: 104.0.5112.101, chrome: {chromedriverVersion: 104.0.5112.79 (3cf3e8c8a07d..., userDataDir: /var/folders/lk/l1pjxj6n2wv...}, goog:chromeOptions: {debuggerAddress: localhost:56307}, networkConnectionEnabled: false, pageLoadStrategy: normal, platformName: MAC, proxy: Proxy(), se:cdp: ws://192.168.54.199:64724/s..., se:cdpVersion: 104.0.5112.101, setWindowRect: true, strictFileInteractability: false, timeouts: {implicit: 0, pageLoad: 300000, script: 30000}, unhandledPromptBehavior: dismiss and notify, webauthn:extension:credBlob: true, webauthn:extension:largeBlob: true, webauthn:virtualAuthenticators: true}
23:58:31.302 INFO [ProtocolHandshake.createSession] - Detected upstream dialect: W3C
23:58:31.306 INFO [CdpVersionFinder.findNearestMatch] - Found exact CDP implementation for version 104
23:58:31.317 INFO [ProxyNodeWebsockets.createWsEndPoint] - Establishing connection to ws://localhost:56307/devtools/browser/ee65d92b-4159-46a4-bb89-001216555c2c
23:58:31.791 INFO [LocalSessionMap.lambda$new$0] - Deleted session from local Session Map, Id: 05ce139ef244da057ea8191567d3c98b
23:58:31.792 INFO [GridModel.release] - Releasing slot for session id 05ce139ef244da057ea8191567d3c98b
23:58:31.793 INFO [SessionSlot.stop] - Stopping session 05ce139ef244da057ea8191567d3c98b
]]></system-out>
    <system-err><![CDATA[Starting ChromeDriver 104.0.5112.79 (3cf3e8c8a07d104b9e1260c910efb8f383285dc5-refs/branch-heads/5112@{#1307}) on port 52677
Only local connections are allowed.
Please see https://chromedriver.chromium.org/security-considerations for suggestions on keeping ChromeDriver safe.
ChromeDriver was started successfully.
]]></system-err>
  </testcase>
  <testcase name="testJsExceptionListener" classname="dev.selenium.augmenter.CdpRemoteWebDriverTest" time="18.929">
    <system-out><![CDATA[2022-08-24 23:58:31 [main] DEBUG i.g.b.wdm.cache.ResolutionCache.checkKeyInResolutionCache(186) - Resolution chrome=104 in cache (valid until 00:56:29 25/08/2022 ART)
2022-08-24 23:58:31 [main] DEBUG i.g.b.wdm.cache.ResolutionCache.checkKeyInResolutionCache(186) - Resolution chrome104=104.0.5112.79 in cache (valid until 23:56:29 25/08/2022 ART)
2022-08-24 23:58:31 [main] INFO  i.g.bonigarcia.wdm.WebDriverManager.resolveDriverVersion(1231) - Using chromedriver 104.0.5112.79 (resolved driver for Chrome 104)
2022-08-24 23:58:31 [main] DEBUG i.g.bonigarcia.wdm.WebDriverManager.manage(1186) - Driver chromedriver 104.0.5112.79 found in cache
2022-08-24 23:58:31 [main] INFO  i.g.bonigarcia.wdm.WebDriverManager.exportDriver(1284) - Exporting webdriver.chrome.driver as /Users/fcontigliani/.cache/selenium/chromedriver/mac64/104.0.5112.79/chromedriver
23:58:31.813 INFO [LoggingOptions.configureLogEncoding] - Using the system default encoding
23:58:31.843 INFO [NodeOptions.getSessionFactories] - Detected 8 available processors
23:58:31.849 INFO [NodeOptions.discoverDrivers] - Discovered 2 driver(s)
23:58:31.852 INFO [NodeOptions.report] - Adding Chrome for {"browserName": "chrome"} 8 times
23:58:31.852 INFO [NodeOptions.report] - Adding Safari for {"browserName": "safari"} 1 times
23:58:31.861 INFO [Node.<init>] - Binding additional locator mechanisms: relative, id, name
23:58:31.864 INFO [GridModel.setAvailability] - Switching Node 0a56940f-0521-4c93-8c10-44ec132d9c42 (uri: http://192.168.54.199:57511) from DOWN to UP
23:58:31.864 INFO [LocalDistributor.add] - Added node 0a56940f-0521-4c93-8c10-44ec132d9c42 at http://192.168.54.199:57511. Health check every 120s
23:58:31.868 INFO [Standalone.execute] - Started Selenium Standalone 4.4.0 (revision e5c75ed026a): http://192.168.54.199:57511
23:58:46.823 INFO [LocalDistributor.newSession] - Session request received by the Distributor: 
 [Capabilities {browserName: chrome, goog:chromeOptions: {args: [], extensions: []}}]
23:58:48.100 INFO [ProtocolHandshake.createSession] - Detected upstream dialect: W3C
23:58:48.103 INFO [LocalNode.newSession] - Session created by the Node. Id: 2ed0849b57bb65112ba2a6be2a0999bc, Caps: Capabilities {acceptInsecureCerts: false, browserName: chrome, browserVersion: 104.0.5112.101, chrome: {chromedriverVersion: 104.0.5112.79 (3cf3e8c8a07d..., userDataDir: /var/folders/lk/l1pjxj6n2wv...}, goog:chromeOptions: {debuggerAddress: localhost:56349}, networkConnectionEnabled: false, pageLoadStrategy: normal, platformName: MAC, proxy: Proxy(), se:cdp: http://localhost:56349, se:cdpVersion: 104.0.5112.101, setWindowRect: true, strictFileInteractability: false, timeouts: {implicit: 0, pageLoad: 300000, script: 30000}, unhandledPromptBehavior: dismiss and notify, webauthn:extension:credBlob: true, webauthn:extension:largeBlob: true, webauthn:virtualAuthenticators: true}
23:58:48.105 INFO [LocalDistributor.newSession] - Session created by the Distributor. Id: 2ed0849b57bb65112ba2a6be2a0999bc 
 Caps: Capabilities {acceptInsecureCerts: false, browserName: chrome, browserVersion: 104.0.5112.101, chrome: {chromedriverVersion: 104.0.5112.79 (3cf3e8c8a07d..., userDataDir: /var/folders/lk/l1pjxj6n2wv...}, goog:chromeOptions: {debuggerAddress: localhost:56349}, networkConnectionEnabled: false, pageLoadStrategy: normal, platformName: MAC, proxy: Proxy(), se:cdp: ws://192.168.54.199:57511/s..., se:cdpVersion: 104.0.5112.101, setWindowRect: true, strictFileInteractability: false, timeouts: {implicit: 0, pageLoad: 300000, script: 30000}, unhandledPromptBehavior: dismiss and notify, webauthn:extension:credBlob: true, webauthn:extension:largeBlob: true, webauthn:virtualAuthenticators: true}
23:58:48.138 INFO [ProtocolHandshake.createSession] - Detected upstream dialect: W3C
23:58:48.144 INFO [CdpVersionFinder.findNearestMatch] - Found exact CDP implementation for version 104
23:58:48.157 INFO [ProxyNodeWebsockets.createWsEndPoint] - Establishing connection to ws://localhost:56349/devtools/browser/8e5f5d53-092b-4e22-8396-f43792083a5a
23:58:50.718 INFO [LocalSessionMap.lambda$new$0] - Deleted session from local Session Map, Id: 2ed0849b57bb65112ba2a6be2a0999bc
23:58:50.720 INFO [GridModel.release] - Releasing slot for session id 2ed0849b57bb65112ba2a6be2a0999bc
23:58:50.722 INFO [SessionSlot.stop] - Stopping session 2ed0849b57bb65112ba2a6be2a0999bc
]]></system-out>
    <system-err><![CDATA[Starting ChromeDriver 104.0.5112.79 (3cf3e8c8a07d104b9e1260c910efb8f383285dc5-refs/branch-heads/5112@{#1307}) on port 51608
Only local connections are allowed.
Please see https://chromedriver.chromium.org/security-considerations for suggestions on keeping ChromeDriver safe.
ChromeDriver was started successfully.
]]></system-err>
  </testcase>
  <testcase name="testDomMutation" classname="dev.selenium.augmenter.CdpRemoteWebDriverTest" time="18.216">
    <system-out><![CDATA[2022-08-24 23:58:50 [main] DEBUG i.g.b.wdm.cache.ResolutionCache.checkKeyInResolutionCache(186) - Resolution chrome=104 in cache (valid until 00:56:29 25/08/2022 ART)
2022-08-24 23:58:50 [main] DEBUG i.g.b.wdm.cache.ResolutionCache.checkKeyInResolutionCache(186) - Resolution chrome104=104.0.5112.79 in cache (valid until 23:56:29 25/08/2022 ART)
2022-08-24 23:58:50 [main] INFO  i.g.bonigarcia.wdm.WebDriverManager.resolveDriverVersion(1231) - Using chromedriver 104.0.5112.79 (resolved driver for Chrome 104)
2022-08-24 23:58:50 [main] DEBUG i.g.bonigarcia.wdm.WebDriverManager.manage(1186) - Driver chromedriver 104.0.5112.79 found in cache
2022-08-24 23:58:50 [main] INFO  i.g.bonigarcia.wdm.WebDriverManager.exportDriver(1284) - Exporting webdriver.chrome.driver as /Users/fcontigliani/.cache/selenium/chromedriver/mac64/104.0.5112.79/chromedriver
23:58:50.748 INFO [LoggingOptions.configureLogEncoding] - Using the system default encoding
23:58:50.778 INFO [NodeOptions.getSessionFactories] - Detected 8 available processors
23:58:50.784 INFO [NodeOptions.discoverDrivers] - Discovered 2 driver(s)
23:58:50.787 INFO [NodeOptions.report] - Adding Safari for {"browserName": "safari"} 1 times
23:58:50.787 INFO [NodeOptions.report] - Adding Chrome for {"browserName": "chrome"} 8 times
23:58:50.791 INFO [Node.<init>] - Binding additional locator mechanisms: name, id, relative
23:58:50.795 INFO [GridModel.setAvailability] - Switching Node 90ffa298-6428-4678-b7e9-0f591c6585c8 (uri: http://192.168.54.199:59616) from DOWN to UP
23:58:50.795 INFO [LocalDistributor.add] - Added node 90ffa298-6428-4678-b7e9-0f591c6585c8 at http://192.168.54.199:59616. Health check every 120s
23:58:50.802 INFO [Standalone.execute] - Started Selenium Standalone 4.4.0 (revision e5c75ed026a): http://192.168.54.199:59616
23:59:05.762 INFO [LocalDistributor.newSession] - Session request received by the Distributor: 
 [Capabilities {browserName: chrome, goog:chromeOptions: {args: [], extensions: []}}]
23:59:07.139 INFO [ProtocolHandshake.createSession] - Detected upstream dialect: W3C
23:59:07.140 INFO [LocalNode.newSession] - Session created by the Node. Id: e3c8052f592d0e31d1782f7d1dd2d849, Caps: Capabilities {acceptInsecureCerts: false, browserName: chrome, browserVersion: 104.0.5112.101, chrome: {chromedriverVersion: 104.0.5112.79 (3cf3e8c8a07d..., userDataDir: /var/folders/lk/l1pjxj6n2wv...}, goog:chromeOptions: {debuggerAddress: localhost:56394}, networkConnectionEnabled: false, pageLoadStrategy: normal, platformName: MAC, proxy: Proxy(), se:cdp: http://localhost:56394, se:cdpVersion: 104.0.5112.101, setWindowRect: true, strictFileInteractability: false, timeouts: {implicit: 0, pageLoad: 300000, script: 30000}, unhandledPromptBehavior: dismiss and notify, webauthn:extension:credBlob: true, webauthn:extension:largeBlob: true, webauthn:virtualAuthenticators: true}
23:59:07.142 INFO [LocalDistributor.newSession] - Session created by the Distributor. Id: e3c8052f592d0e31d1782f7d1dd2d849 
 Caps: Capabilities {acceptInsecureCerts: false, browserName: chrome, browserVersion: 104.0.5112.101, chrome: {chromedriverVersion: 104.0.5112.79 (3cf3e8c8a07d..., userDataDir: /var/folders/lk/l1pjxj6n2wv...}, goog:chromeOptions: {debuggerAddress: localhost:56394}, networkConnectionEnabled: false, pageLoadStrategy: normal, platformName: MAC, proxy: Proxy(), se:cdp: ws://192.168.54.199:59616/s..., se:cdpVersion: 104.0.5112.101, setWindowRect: true, strictFileInteractability: false, timeouts: {implicit: 0, pageLoad: 300000, script: 30000}, unhandledPromptBehavior: dismiss and notify, webauthn:extension:credBlob: true, webauthn:extension:largeBlob: true, webauthn:virtualAuthenticators: true}
23:59:07.145 INFO [ProtocolHandshake.createSession] - Detected upstream dialect: W3C
23:59:07.149 INFO [CdpVersionFinder.findNearestMatch] - Found exact CDP implementation for version 104
23:59:07.157 INFO [ProxyNodeWebsockets.createWsEndPoint] - Establishing connection to ws://localhost:56394/devtools/browser/a8c22c7c-7140-4449-8960-e7d68e66e345
23:59:08.929 INFO [LocalSessionMap.lambda$new$0] - Deleted session from local Session Map, Id: e3c8052f592d0e31d1782f7d1dd2d849
23:59:08.931 INFO [GridModel.release] - Releasing slot for session id e3c8052f592d0e31d1782f7d1dd2d849
23:59:08.933 INFO [SessionSlot.stop] - Stopping session e3c8052f592d0e31d1782f7d1dd2d849
]]></system-out>
    <system-err><![CDATA[Starting ChromeDriver 104.0.5112.79 (3cf3e8c8a07d104b9e1260c910efb8f383285dc5-refs/branch-heads/5112@{#1307}) on port 56555
Only local connections are allowed.
Please see https://chromedriver.chromium.org/security-considerations for suggestions on keeping ChromeDriver safe.
ChromeDriver was started successfully.
]]></system-err>
  </testcase>
  <testcase name="testCreateCDPSession" classname="dev.selenium.augmenter.CdpRemoteWebDriverTest" time="16.57">
    <system-out><![CDATA[2022-08-24 23:59:08 [main] DEBUG i.g.b.wdm.cache.ResolutionCache.checkKeyInResolutionCache(186) - Resolution chrome=104 in cache (valid until 00:56:29 25/08/2022 ART)
2022-08-24 23:59:08 [main] DEBUG i.g.b.wdm.cache.ResolutionCache.checkKeyInResolutionCache(186) - Resolution chrome104=104.0.5112.79 in cache (valid until 23:56:29 25/08/2022 ART)
2022-08-24 23:59:08 [main] INFO  i.g.bonigarcia.wdm.WebDriverManager.resolveDriverVersion(1231) - Using chromedriver 104.0.5112.79 (resolved driver for Chrome 104)
2022-08-24 23:59:08 [main] DEBUG i.g.bonigarcia.wdm.WebDriverManager.manage(1186) - Driver chromedriver 104.0.5112.79 found in cache
2022-08-24 23:59:08 [main] INFO  i.g.bonigarcia.wdm.WebDriverManager.exportDriver(1284) - Exporting webdriver.chrome.driver as /Users/fcontigliani/.cache/selenium/chromedriver/mac64/104.0.5112.79/chromedriver
23:59:08.958 INFO [LoggingOptions.configureLogEncoding] - Using the system default encoding
23:59:08.979 INFO [NodeOptions.getSessionFactories] - Detected 8 available processors
23:59:08.985 INFO [NodeOptions.discoverDrivers] - Discovered 2 driver(s)
23:59:08.989 INFO [NodeOptions.report] - Adding Chrome for {"browserName": "chrome"} 8 times
23:59:08.989 INFO [NodeOptions.report] - Adding Safari for {"browserName": "safari"} 1 times
23:59:08.992 INFO [Node.<init>] - Binding additional locator mechanisms: id, name, relative
23:59:08.994 INFO [GridModel.setAvailability] - Switching Node 84fff674-69dd-4c33-9427-606c3c489297 (uri: http://192.168.54.199:54850) from DOWN to UP
23:59:08.994 INFO [LocalDistributor.add] - Added node 84fff674-69dd-4c33-9427-606c3c489297 at http://192.168.54.199:54850. Health check every 120s
23:59:08.998 INFO [Standalone.execute] - Started Selenium Standalone 4.4.0 (revision e5c75ed026a): http://192.168.54.199:54850
23:59:23.965 INFO [LocalDistributor.newSession] - Session request received by the Distributor: 
 [Capabilities {browserName: chrome, goog:chromeOptions: {args: [], extensions: []}}]
23:59:25.295 INFO [ProtocolHandshake.createSession] - Detected upstream dialect: W3C
23:59:25.296 INFO [LocalNode.newSession] - Session created by the Node. Id: 9b272153489da699eb5a9110d12c22b8, Caps: Capabilities {acceptInsecureCerts: false, browserName: chrome, browserVersion: 104.0.5112.101, chrome: {chromedriverVersion: 104.0.5112.79 (3cf3e8c8a07d..., userDataDir: /var/folders/lk/l1pjxj6n2wv...}, goog:chromeOptions: {debuggerAddress: localhost:56556}, networkConnectionEnabled: false, pageLoadStrategy: normal, platformName: MAC, proxy: Proxy(), se:cdp: http://localhost:56556, se:cdpVersion: 104.0.5112.101, setWindowRect: true, strictFileInteractability: false, timeouts: {implicit: 0, pageLoad: 300000, script: 30000}, unhandledPromptBehavior: dismiss and notify, webauthn:extension:credBlob: true, webauthn:extension:largeBlob: true, webauthn:virtualAuthenticators: true}
23:59:25.299 INFO [LocalDistributor.newSession] - Session created by the Distributor. Id: 9b272153489da699eb5a9110d12c22b8 
 Caps: Capabilities {acceptInsecureCerts: false, browserName: chrome, browserVersion: 104.0.5112.101, chrome: {chromedriverVersion: 104.0.5112.79 (3cf3e8c8a07d..., userDataDir: /var/folders/lk/l1pjxj6n2wv...}, goog:chromeOptions: {debuggerAddress: localhost:56556}, networkConnectionEnabled: false, pageLoadStrategy: normal, platformName: MAC, proxy: Proxy(), se:cdp: ws://192.168.54.199:54850/s..., se:cdpVersion: 104.0.5112.101, setWindowRect: true, strictFileInteractability: false, timeouts: {implicit: 0, pageLoad: 300000, script: 30000}, unhandledPromptBehavior: dismiss and notify, webauthn:extension:credBlob: true, webauthn:extension:largeBlob: true, webauthn:virtualAuthenticators: true}
23:59:25.303 INFO [ProtocolHandshake.createSession] - Detected upstream dialect: W3C
23:59:25.307 INFO [CdpVersionFinder.findNearestMatch] - Found exact CDP implementation for version 104
23:59:25.312 INFO [ProxyNodeWebsockets.createWsEndPoint] - Establishing connection to ws://localhost:56556/devtools/browser/60de891b-9b78-4df4-af03-9a2c4a5ff54b
23:59:25.505 INFO [LocalSessionMap.lambda$new$0] - Deleted session from local Session Map, Id: 9b272153489da699eb5a9110d12c22b8
23:59:25.507 INFO [GridModel.release] - Releasing slot for session id 9b272153489da699eb5a9110d12c22b8
23:59:25.508 INFO [SessionSlot.stop] - Stopping session 9b272153489da699eb5a9110d12c22b8
]]></system-out>
    <system-err><![CDATA[Starting ChromeDriver 104.0.5112.79 (3cf3e8c8a07d104b9e1260c910efb8f383285dc5-refs/branch-heads/5112@{#1307}) on port 55142
Only local connections are allowed.
Please see https://chromedriver.chromium.org/security-considerations for suggestions on keeping ChromeDriver safe.
ChromeDriver was started successfully.
]]></system-err>
  </testcase>
</testsuite>