<?xml version="1.0" encoding="UTF-8"?>
<testsuite xmlns:xsi="http://www.w3.org/2001/XMLSchema-instance" xsi:noNamespaceSchemaLocation="https://maven.apache.org/surefire/maven-surefire-plugin/xsd/surefire-test-report-3.0.xsd" version="3.0" name="dev.selenium.getting_started.InstallDriversTest" time="21.801" tests="4" errors="1" skipped="1" failures="0">
  <properties>
[...]
</properties>
  <testcase name="chromeSession" classname="dev.selenium.getting_started.InstallDriversTest" time="1.311">
    <system-out><![CDATA[2022-08-24 23:59:39 [main] DEBUG i.g.b.wdm.cache.ResolutionCache.checkKeyInResolutionCache(186) - Resolution chrome=104 in cache (valid until 00:56:29 25/08/2022 ART)
2022-08-24 23:59:39 [main] DEBUG i.g.b.wdm.cache.ResolutionCache.checkKeyInResolutionCache(186) - Resolution chrome104=104.0.5112.79 in cache (valid until 23:56:29 25/08/2022 ART)
2022-08-24 23:59:39 [main] INFO  i.g.bonigarcia.wdm.WebDriverManager.resolveDriverVersion(1231) - Using chromedriver 104.0.5112.79 (resolved driver for Chrome 104)
2022-08-24 23:59:39 [main] DEBUG i.g.bonigarcia.wdm.WebDriverManager.manage(1186) - Driver chromedriver 104.0.5112.79 found in cache
2022-08-24 23:59:39 [main] INFO  i.g.bonigarcia.wdm.WebDriverManager.exportDriver(1284) - Exporting webdriver.chrome.driver as /Users/fcontigliani/.cache/selenium/chromedriver/mac64/104.0.5112.79/chromedriver
23:59:40.211 INFO [ProtocolHandshake.createSession] - Detected upstream dialect: W3C
23:59:40.222 INFO [CdpVersionFinder.findNearestMatch] - Found exact CDP implementation for version 104
]]></system-out>
    <system-err><![CDATA[Starting ChromeDriver 104.0.5112.79 (3cf3e8c8a07d104b9e1260c910efb8f383285dc5-refs/branch-heads/5112@{#1307}) on port 58830
Only local connections are allowed.
Please see https://chromedriver.chromium.org/security-considerations for suggestions on keeping ChromeDriver safe.
ChromeDriver was started successfully.
]]></system-err>
  </testcase>
  <testcase name="ieSession" classname="dev.selenium.getting_started.InstallDriversTest" time="0">
    <skipped message="Only runs on Windows"/>
  </testcase>
  <testcase name="edgeSession" classname="dev.selenium.getting_started.InstallDriversTest" time="8.321">
    <error message="Could not start a new session. Response code 500. Message: unknown error: cannot find msedge binary&#10;Build info: version: &apos;4.4.0&apos;, revision: &apos;e5c75ed026a&apos;&#10;System info: host: &apos;MAC-Fabian.lan&apos;, ip: &apos;192.168.54.199&apos;, os.name: &apos;Mac OS X&apos;, os.arch: &apos;x86_64&apos;, os.version: &apos;10.16&apos;, java.version: &apos;11.0.11&apos;&#10;Driver info: org.openqa.selenium.edge.EdgeDriver&#10;Command: [null, newSession {capabilities=[Capabilities {browserName: MicrosoftEdge, ms:edgeOptions: {args: [], extensions: []}}], desiredCapabilities=Capabilities {browserName: MicrosoftEdge, ms:edgeOptions: {args: [], extensions: []}}}]" type="org.openqa.selenium.SessionNotCreatedException"><![CDATA[org.openqa.selenium.SessionNotCreatedException: 
Could not start a new session. Response code 500. Message: unknown error: cannot find msedge binary
Build info: version: '4.4.0', revision: 'e5c75ed026a'
System info: host: 'MAC-Fabian.lan', ip: '192.168.54.199', os.name: 'Mac OS X', os.arch: 'x86_64', os.version: '10.16', java.version: '11.0.11'
Driver info: org.openqa.selenium.edge.EdgeDriver
Command: [null, newSession {capabilities=[Capabilities {browserName: MicrosoftEdge, ms:edgeOptions: {args: [], extensions: []}}], desiredCapabilities=Capabilities {browserName: MicrosoftEdge, ms:edgeOptions: {args: [], extensions: []}}}]
	at org.openqa.selenium.remote.ProtocolHandshake.createSession(ProtocolHandshake.java:144)
	at org.openqa.selenium.remote.ProtocolHandshake.createSession(ProtocolHandshake.java:102)
	at org.openqa.selenium.remote.ProtocolHandshake.createSession(ProtocolHandshake.java:67)
	at org.openqa.selenium.remote.HttpCommandExecutor.execute(HttpCommandExecutor.java:156)
	at org.openqa.selenium.remote.service.DriverCommandExecutor.invokeExecute(DriverCommandExecutor.java:167)
	at org.openqa.selenium.remote.service.DriverCommandExecutor.execute(DriverCommandExecutor.java:142)
	at org.openqa.selenium.remote.RemoteWebDriver.execute(RemoteWebDriver.java:547)
	at org.openqa.selenium.remote.RemoteWebDriver.startSession(RemoteWebDriver.java:242)
	at org.openqa.selenium.remote.RemoteWebDriver.<init>(RemoteWebDriver.java:157)
	at org.openqa.selenium.chromium.ChromiumDriver.<init>(ChromiumDriver.java:101)
	at org.openqa.selenium.edge.EdgeDriver.<init>(EdgeDriver.java:54)
	at org.openqa.selenium.edge.EdgeDriver.<init>(EdgeDriver.java:46)
	at org.openqa.selenium.edge.EdgeDriver.<init>(EdgeDriver.java:42)
	at dev.selenium.getting_started.InstallDriversTest.edgeSession(InstallDriversTest.java:27)
	at java.base/jdk.internal.reflect.NativeMethodAccessorImpl.invoke0(Native Method)
	at java.base/jdk.internal.reflect.NativeMethodAccessorImpl.invoke(NativeMethodAccessorImpl.java:62)
	at java.base/jdk.internal.reflect.DelegatingMethodAccessorImpl.invoke(DelegatingMethodAccessorImpl.java:43)
	at java.base/java.lang.reflect.Method.invoke(Method.java:566)
	at org.junit.platform.commons.util.ReflectionUtils.invokeMethod(ReflectionUtils.java:727)
	at org.junit.jupiter.engine.execution.MethodInvocation.proceed(MethodInvocation.java:60)
	at org.junit.jupiter.engine.execution.InvocationInterceptorChain$ValidatingInvocation.proceed(InvocationInterceptorChain.java:131)
	at org.junit.jupiter.engine.extension.TimeoutExtension.intercept(TimeoutExtension.java:156)
	at org.junit.jupiter.engine.extension.TimeoutExtension.interceptTestableMethod(TimeoutExtension.java:147)
	at org.junit.jupiter.engine.extension.TimeoutExtension.interceptTestMethod(TimeoutExtension.java:86)
	at org.junit.jupiter.engine.execution.InterceptingExecutableInvoker$ReflectiveInterceptorCall.lambda$ofVoidMethod$0(InterceptingExecutableInvoker.java:103)
	at org.junit.jupiter.engine.execution.InterceptingExecutableInvoker.lambda$invoke$0(InterceptingExecutableInvoker.java:93)
	at org.junit.jupiter.engine.execution.InvocationInterceptorChain$InterceptedInvocation.proceed(InvocationInterceptorChain.java:106)
	at org.junit.jupiter.engine.execution.InvocationInterceptorChain.proceed(InvocationInterceptorChain.java:64)
	at org.junit.jupiter.engine.execution.InvocationInterceptorChain.chainAndInvoke(InvocationInterceptorChain.java:45)
	at org.junit.jupiter.engine.execution.InvocationInterceptorChain.invoke(InvocationInterceptorChain.java:37)
	at org.junit.jupiter.engine.execution.InterceptingExecutableInvoker.invoke(InterceptingExecutableInvoker.java:92)
	at org.junit.jupiter.engine.execution.InterceptingExecutableInvoker.invoke(InterceptingExecutableInvoker.java:86)
	at org.junit.jupiter.engine.descriptor.TestMethodTestDescriptor.lambda$invokeTestMethod$7(TestMethodTestDescriptor.java:217)
	at org.junit.platform.engine.support.hierarchical.ThrowableCollector.execute(ThrowableCollector.java:73)
	at org.junit.jupiter.engine.descriptor.TestMethodTestDescriptor.invokeTestMethod(TestMethodTestDescriptor.java:213)
	at org.junit.jupiter.engine.descriptor.TestMethodTestDescriptor.execute(TestMethodTestDescriptor.java:138)
	at org.junit.jupiter.engine.descriptor.TestMethodTestDescriptor.execute(TestMethodTestDescriptor.java:68)
	at org.junit.platform.engine.support.hierarchical.NodeTestTask.lambda$executeRecursively$6(NodeTestTask.java:151)
	at org.junit.platform.engine.support.hierarchical.ThrowableCollector.execute(ThrowableCollector.java:73)
	at org.junit.platform.engine.support.hierarchical.NodeTestTask.lambda$executeRecursively$8(NodeTestTask.java:141)
	at org.junit.platform.engine.support.hierarchical.Node.around(Node.java:137)
	at org.junit.platform.engine.support.hierarchical.NodeTestTask.lambda$executeRecursively$9(NodeTestTask.java:139)
	at org.junit.platform.engine.support.hierarchical.ThrowableCollector.execute(ThrowableCollector.java:73)
	at org.junit.platform.engine.support.hierarchical.NodeTestTask.executeRecursively(NodeTestTask.java:138)
	at org.junit.platform.engine.support.hierarchical.NodeTestTask.execute(NodeTestTask.java:95)
	at java.base/java.util.ArrayList.forEach(ArrayList.java:1541)
	at org.junit.platform.engine.support.hierarchical.SameThreadHierarchicalTestExecutorService.invokeAll(SameThreadHierarchicalTestExecutorService.java:41)
	at org.junit.platform.engine.support.hierarchical.NodeTestTask.lambda$executeRecursively$6(NodeTestTask.java:155)
	at org.junit.platform.engine.support.hierarchical.ThrowableCollector.execute(ThrowableCollector.java:73)
	at org.junit.platform.engine.support.hierarchical.NodeTestTask.lambda$executeRecursively$8(NodeTestTask.java:141)
	at org.junit.platform.engine.support.hierarchical.Node.around(Node.java:137)
	at org.junit.platform.engine.support.hierarchical.NodeTestTask.lambda$executeRecursively$9(NodeTestTask.java:139)
	at org.junit.platform.engine.support.hierarchical.ThrowableCollector.execute(ThrowableCollector.java:73)
	at org.junit.platform.engine.support.hierarchical.NodeTestTask.executeRecursively(NodeTestTask.java:138)
	at org.junit.platform.engine.support.hierarchical.NodeTestTask.execute(NodeTestTask.java:95)
	at java.base/java.util.ArrayList.forEach(ArrayList.java:1541)
	at org.junit.platform.engine.support.hierarchical.SameThreadHierarchicalTestExecutorService.invokeAll(SameThreadHierarchicalTestExecutorService.java:41)
	at org.junit.platform.engine.support.hierarchical.NodeTestTask.lambda$executeRecursively$6(NodeTestTask.java:155)
	at org.junit.platform.engine.support.hierarchical.ThrowableCollector.execute(ThrowableCollector.java:73)
	at org.junit.platform.engine.support.hierarchical.NodeTestTask.lambda$executeRecursively$8(NodeTestTask.java:141)
	at org.junit.platform.engine.support.hierarchical.Node.around(Node.java:137)
	at org.junit.platform.engine.support.hierarchical.NodeTestTask.lambda$executeRecursively$9(NodeTestTask.java:139)
	at org.junit.platform.engine.support.hierarchical.ThrowableCollector.execute(ThrowableCollector.java:73)
	at org.junit.platform.engine.support.hierarchical.NodeTestTask.executeRecursively(NodeTestTask.java:138)
	at org.junit.platform.engine.support.hierarchical.NodeTestTask.execute(NodeTestTask.java:95)
	at org.junit.platform.engine.support.hierarchical.SameThreadHierarchicalTestExecutorService.submit(SameThreadHierarchicalTestExecutorService.java:35)
	at org.junit.platform.engine.support.hierarchical.HierarchicalTestExecutor.execute(HierarchicalTestExecutor.java:57)
	at org.junit.platform.engine.support.hierarchical.HierarchicalTestEngine.execute(HierarchicalTestEngine.java:54)
	at org.junit.platform.launcher.core.EngineExecutionOrchestrator.execute(EngineExecutionOrchestrator.java:147)
	at org.junit.platform.launcher.core.EngineExecutionOrchestrator.execute(EngineExecutionOrchestrator.java:127)
	at org.junit.platform.launcher.core.EngineExecutionOrchestrator.execute(EngineExecutionOrchestrator.java:90)
	at org.junit.platform.launcher.core.EngineExecutionOrchestrator.lambda$execute$0(EngineExecutionOrchestrator.java:55)
	at org.junit.platform.launcher.core.EngineExecutionOrchestrator.withInterceptedStreams(EngineExecutionOrchestrator.java:102)
	at org.junit.platform.launcher.core.EngineExecutionOrchestrator.execute(EngineExecutionOrchestrator.java:54)
	at org.junit.platform.launcher.core.DefaultLauncher.execute(DefaultLauncher.java:114)
	at org.junit.platform.launcher.core.DefaultLauncher.execute(DefaultLauncher.java:86)
	at org.junit.platform.launcher.core.DefaultLauncherSession$DelegatingLauncher.execute(DefaultLauncherSession.java:86)
	at org.apache.maven.surefire.junitplatform.LazyLauncher.execute(LazyLauncher.java:55)
	at org.apache.maven.surefire.junitplatform.JUnitPlatformProvider.execute(JUnitPlatformProvider.java:223)
	at org.apache.maven.surefire.junitplatform.JUnitPlatformProvider.invokeAllTests(JUnitPlatformProvider.java:175)
	at org.apache.maven.surefire.junitplatform.JUnitPlatformProvider.invoke(JUnitPlatformProvider.java:139)
	at org.apache.maven.surefire.booter.ForkedBooter.runSuitesInProcess(ForkedBooter.java:456)
	at org.apache.maven.surefire.booter.ForkedBooter.execute(ForkedBooter.java:169)
	at org.apache.maven.surefire.booter.ForkedBooter.run(ForkedBooter.java:595)
	at org.apache.maven.surefire.booter.ForkedBooter.main(ForkedBooter.java:581)
]]></error>
    <system-out><![CDATA[2022-08-24 23:59:40 [main] DEBUG i.g.b.wdm.versions.VersionDetector.getBrowserVersionFromTheShell(205) - Detecting edge version using online commands.properties
2022-08-24 23:59:40 [main] DEBUG i.g.bonigarcia.wdm.versions.Shell.runAndWaitArray(65) - Running command on the shell: [/Applications/Microsoft Edge.app/Contents/MacOS/Microsoft Edge, -version]
2022-08-24 23:59:40 [main] DEBUG i.g.bonigarcia.wdm.versions.Shell.runAndWaitNoLog(83) - There was a problem executing command </Applications/Microsoft Edge.app/Contents/MacOS/Microsoft Edge -version> on the shell: Cannot run program "/Applications/Microsoft Edge.app/Contents/MacOS/Microsoft Edge" (in directory "."): error=2, No such file or directory
2022-08-24 23:59:40 [main] DEBUG i.g.bonigarcia.wdm.versions.Shell.runAndWaitArray(69) - Result: 
2022-08-24 23:59:40 [main] DEBUG i.g.b.wdm.versions.VersionDetector.getBrowserVersionFromTheShell(213) - Browser version for edge not detected using online properties (using local commands.properties)
2022-08-24 23:59:40 [main] DEBUG i.g.bonigarcia.wdm.versions.Shell.runAndWaitArray(65) - Running command on the shell: [/Applications/Microsoft Edge.app/Contents/MacOS/Microsoft Edge, -version]
2022-08-24 23:59:40 [main] DEBUG i.g.bonigarcia.wdm.versions.Shell.runAndWaitNoLog(83) - There was a problem executing command </Applications/Microsoft Edge.app/Contents/MacOS/Microsoft Edge -version> on the shell: Cannot run program "/Applications/Microsoft Edge.app/Contents/MacOS/Microsoft Edge" (in directory "."): error=2, No such file or directory
2022-08-24 23:59:40 [main] DEBUG i.g.bonigarcia.wdm.versions.Shell.runAndWaitArray(69) - Result: 
2022-08-24 23:59:40 [main] DEBUG i.g.bonigarcia.wdm.WebDriverManager.resolveDriverVersion(1256) - The driver version for EDGE is unknown ... trying with latest
2022-08-24 23:59:41 [main] DEBUG i.g.b.wdm.versions.VersionDetector.getDriverVersionFromRepository(127) - Latest version of msedgedriver according to https://msedgedriver.azureedge.net/LATEST_STABLE is 104.0.1293.63
2022-08-24 23:59:41 [main] INFO  i.g.bonigarcia.wdm.WebDriverManager.logSeekRepo(1576) - Reading https://msedgedriver.azureedge.net/?restype=container&comp=list to seek msedgedriver
2022-08-24 23:59:43 [main] DEBUG i.g.bonigarcia.wdm.WebDriverManager.createUrlHandler(1461) - Driver to be downloaded edgedriver 104.0.1293.63
2022-08-24 23:59:43 [main] INFO  i.g.bonigarcia.wdm.online.Downloader.downloadAndExtract(127) - Downloading https://msedgedriver.azureedge.net/104.0.1293.63/edgedriver_mac64.zip
2022-08-24 23:59:47 [main] INFO  i.g.bonigarcia.wdm.online.Downloader.extract(188) - Extracting driver from compressed file edgedriver_mac64.zip
2022-08-24 23:59:47 [main] INFO  i.g.bonigarcia.wdm.WebDriverManager.exportDriver(1284) - Exporting webdriver.edge.driver as /Users/fcontigliani/.cache/selenium/msedgedriver/mac64/104.0.1293.63/msedgedriver
]]></system-out>
    <system-err><![CDATA[Starting Microsoft Edge WebDriver 104.0.1293.63 (7dd22b4a7f122e6953a166b0388edf494d716c7d) on port 49798
To submit feedback, report a bug, or suggest new features, please visit https://github.com/MicrosoftEdge/EdgeWebDriver

Only local connections are allowed.
Please see https://aka.ms/WebDriverSecurity for suggestions on keeping Microsoft Edge WebDriver safe.

Microsoft Edge WebDriver was started successfully.
]]></system-err>
  </testcase>
  <testcase name="firefoxSession" classname="dev.selenium.getting_started.InstallDriversTest" time="12.16">
    <system-out><![CDATA[2022-08-24 23:59:48 [main] DEBUG i.g.b.wdm.versions.VersionDetector.getBrowserVersionFromTheShell(205) - Detecting firefox version using online commands.properties
2022-08-24 23:59:48 [main] DEBUG i.g.bonigarcia.wdm.versions.Shell.runAndWaitArray(65) - Running command on the shell: [/Applications/Firefox.app/Contents/MacOS/firefox, -v]
2022-08-24 23:59:52 [main] DEBUG i.g.bonigarcia.wdm.versions.Shell.runAndWaitArray(69) - Result: Mozilla Firefox 102.0
2022-08-24 23:59:52 [main] DEBUG i.g.b.wdm.versions.VersionDetector.getDriverVersionFromProperties(88) - Getting driver version for firefox102 from online versions.properties
2022-08-24 23:59:52 [main] INFO  i.g.bonigarcia.wdm.WebDriverManager.resolveDriverVersion(1231) - Using geckodriver 0.31.0 (resolved driver for Firefox 102)
2022-08-24 23:59:52 [main] DEBUG i.g.b.wdm.cache.ResolutionCache.putValueInResolutionCacheIfEmpty(119) - Storing resolution firefox=102 in cache (valid until 00:59:52 25/08/2022 ART)
2022-08-24 23:59:52 [main] DEBUG i.g.b.wdm.cache.ResolutionCache.putValueInResolutionCacheIfEmpty(119) - Storing resolution firefox102=0.31.0 in cache (valid until 23:59:52 25/08/2022 ART)
2022-08-24 23:59:52 [main] INFO  i.g.bonigarcia.wdm.WebDriverManager.logSeekRepo(1576) - Reading https://api.github.com/repos/mozilla/geckodriver/releases to seek geckodriver
2022-08-24 23:59:53 [main] DEBUG i.g.bonigarcia.wdm.WebDriverManager.createUrlHandler(1461) - Driver to be downloaded geckodriver 0.31.0
2022-08-24 23:59:53 [main] INFO  i.g.bonigarcia.wdm.online.Downloader.downloadAndExtract(127) - Downloading https://github.com/mozilla/geckodriver/releases/download/v0.31.0/geckodriver-v0.31.0-macos.tar.gz
2022-08-24 23:59:55 [main] INFO  i.g.bonigarcia.wdm.online.Downloader.extract(188) - Extracting driver from compressed file geckodriver-v0.31.0-macos.tar.gz
2022-08-24 23:59:55 [main] DEBUG i.g.bonigarcia.wdm.WebDriverManager.postDownload(132) - Bypass notarization requirement for geckodriver on Mac OS
2022-08-24 23:59:55 [main] DEBUG i.g.bonigarcia.wdm.versions.Shell.runAndWaitArray(65) - Running command on the shell: [xattr, -r, -d, com.apple.quarantine, /var/folders/lk/l1pjxj6n2wv198gdxqw18ypw0000gn/T/14625796966258991963/geckodriver]
2022-08-24 23:59:56 [main] DEBUG i.g.bonigarcia.wdm.versions.Shell.runAndWaitArray(69) - Result: 
2022-08-24 23:59:56 [main] INFO  i.g.bonigarcia.wdm.WebDriverManager.exportDriver(1284) - Exporting webdriver.gecko.driver as /Users/fcontigliani/.cache/selenium/geckodriver/mac64/0.31.0/geckodriver
00:00:00.068 INFO [ProtocolHandshake.createSession] - Detected upstream dialect: W3C
]]></system-out>
    <system-err><![CDATA[1661396396865	geckodriver	INFO	Listening on 127.0.0.1:61966
1661396396877	mozrunner::runner	INFO	Running command: "/Applications/Firefox.app/Contents/MacOS/firefox-bin" "--marionette" "--remote-debugging-port" "61687" "--remote-allow-hosts" "localhost" "--remote-allow-origins" "http://localhost:61687/" "-foreground" "-no-remote" "-profile" "/var/folders/lk/l1pjxj6n2wv198gdxqw18ypw0000gn/T/rust_mozprofileJCJiTL"
1661396397827	Marionette	INFO	Marionette enabled
1661396397875	Marionette	INFO	Listening on port 59428
WebDriver BiDi listening on ws://localhost:61687
Read port: 59428
1661396398361	RemoteAgent	WARN	TLS certificate errors will be ignored for this session
console.warn: SearchSettings: "get: No settings file exists, new profile?" (new NotFoundError("Could not open the file at /var/folders/lk/l1pjxj6n2wv198gdxqw18ypw0000gn/T/rust_mozprofileJCJiTL/search.json.mozlz4", (void 0)))
DevTools listening on ws://localhost:61687/devtools/browser/67659ec2-e641-4c2a-83b9-e54c4b958f4f
1661396400090	Marionette	INFO	Stopped listening on port 59428
console.warn: services.settings: main/query-stripping sync interrupted by shutdown
]]></system-err>
  </testcase>
</testsuite>