<?xml version="1.0" encoding="UTF-8"?>
<testsuite xmlns:xsi="http://www.w3.org/2001/XMLSchema-instance" xsi:noNamespaceSchemaLocation="https://maven.apache.org/surefire/maven-surefire-plugin/xsd/surefire-test-report-3.0.xsd" version="3.0" name="dev.selenium.actions_api.ActionsTest" time="7.49" tests="2" errors="0" skipped="0" failures="0">
  <properties>
[...]
</properties>
  <testcase name="pause" classname="dev.selenium.actions_api.ActionsTest" time="4.733">
    <system-out><![CDATA[2022-08-24 23:56:40 [main] DEBUG i.g.b.wdm.cache.ResolutionCache.checkKeyInResolutionCache(186) - Resolution chrome=104 in cache (valid until 00:56:29 25/08/2022 ART)
2022-08-24 23:56:40 [main] DEBUG i.g.b.wdm.cache.ResolutionCache.checkKeyInResolutionCache(186) - Resolution chrome104=104.0.5112.79 in cache (valid until 23:56:29 25/08/2022 ART)
2022-08-24 23:56:40 [main] INFO  i.g.bonigarcia.wdm.WebDriverManager.resolveDriverVersion(1231) - Using chromedriver 104.0.5112.79 (resolved driver for Chrome 104)
2022-08-24 23:56:40 [main] DEBUG i.g.bonigarcia.wdm.WebDriverManager.manage(1186) - Driver chromedriver 104.0.5112.79 found in cache
2022-08-24 23:56:40 [main] INFO  i.g.bonigarcia.wdm.WebDriverManager.exportDriver(1284) - Exporting webdriver.chrome.driver as /Users/fcontigliani/.cache/selenium/chromedriver/mac64/104.0.5112.79/chromedriver
]]></system-out>
    <system-err><![CDATA[Starting ChromeDriver 104.0.5112.79 (3cf3e8c8a07d104b9e1260c910efb8f383285dc5-refs/branch-heads/5112@{#1307}) on port 53333
Only local connections are allowed.
Please see https://chromedriver.chromium.org/security-considerations for suggestions on keeping ChromeDriver safe.
ChromeDriver was started successfully.
ago. 24, 2022 11:56:41 P.M. org.openqa.selenium.remote.ProtocolHandshake createSession
INFO: Detected upstream dialect: W3C
ago. 24, 2022 11:56:41 P.M. org.openqa.selenium.devtools.CdpVersionFinder findNearestMatch
INFO: Found exact CDP implementation for version 104
]]></system-err>
  </testcase>
  <testcase name="releasesAll" classname="dev.selenium.actions_api.ActionsTest" time="2.668">
    <system-err><![CDATA[Starting ChromeDriver 104.0.5112.79 (3cf3e8c8a07d104b9e1260c910efb8f383285dc5-refs/branch-heads/5112@{#1307}) on port 59600
Only local connections are allowed.
Please see https://chromedriver.chromium.org/security-considerations for suggestions on keeping ChromeDriver safe.
ChromeDriver was started successfully.
ago. 24, 2022 11:56:46 P.M. org.openqa.selenium.remote.ProtocolHandshake createSession
INFO: Detected upstream dialect: W3C
ago. 24, 2022 11:56:46 P.M. org.openqa.selenium.devtools.CdpVersionFinder findNearestMatch
INFO: Found exact CDP implementation for version 104
]]></system-err>
  </testcase>
</testsuite>